<?xml version="1.0" encoding="UTF-8"?>
<!-- Generated by org.testng.reporters.JUnitReportReporter -->
<testsuite skipped="0" hostname="DESKTOP-9008Q1N" name="com.practice.SeleniumTest.SampleSelTest" tests="1" failures="0" timestamp="04 Feb 2021 12:51:11 GMT" time="41.040" errors="0">
  <testcase name="orange" time="41.040" classname="com.practice.SeleniumTest.SampleSelTest"/>
</testsuite> <!-- com.practice.SeleniumTest.SampleSelTest -->
