<?xml version="1.0" encoding="UTF-8"?>
<!-- Generated by org.testng.reporters.JUnitReportReporter -->
<testsuite skipped="0" hostname="DESKTOP-9008Q1N" name="com.practice.SeleniumTest.AssignLeave" tests="1" failures="0" timestamp="04 Feb 2021 14:25:42 GMT" time="30.235" errors="0">
  <testcase name="Assignleave" time="30.235" classname="com.practice.SeleniumTest.AssignLeave"/>
</testsuite> <!-- com.practice.SeleniumTest.AssignLeave -->
